<?xml version="1.0" encoding="UTF-8"?>
<!-- Generated by org.testng.reporters.JUnitReportReporter -->
<testsuite hostname="LAPTOP-2Q47I0S4" failures="0" tests="1" name="excel.readExcelHashMap.ExcelDataTest" time="0.835" errors="0" timestamp="2021-01-13T10:24:17 IST" skipped="0">
  <testcase classname="excel.readExcelHashMap.ExcelDataTest" name="testExcelHashMapSingleMethod" time="0.835"/>
  <system-out/>
</testsuite> <!-- excel.readExcelHashMap.ExcelDataTest -->
